[0.220s] Invoking command in '/home/rodrigo/Downloads/ROS2Gazebo/build/turtlebot3_fake_node': AMENT_PREFIX_PATH=/home/rodrigo/turtlebot3_ws/install/turtlebot3_msgs:${AMENT_PREFIX_PATH} CMAKE_PREFIX_PATH=/home/rodrigo/Downloads/ROS2Gazebo/install/turtlebot3_msgs:/opt/ros/humble LD_LIBRARY_PATH=/home/rodrigo/turtlebot3_ws/install/turtlebot3_msgs/lib:/home/rodrigo/Downloads/ROS2Gazebo/install/turtlebot3_msgs/lib:${LD_LIBRARY_PATH} PYTHONPATH=/home/rodrigo/turtlebot3_ws/install/turtlebot3_msgs/local/lib/python3.10/dist-packages:${PYTHONPATH} /usr/bin/cmake --build /home/rodrigo/Downloads/ROS2Gazebo/build/turtlebot3_fake_node -- -j12 -l12
[0.225s] [0mCMake Error: The current CMakeCache.txt directory /home/rodrigo/Downloads/ROS2Gazebo/build/turtlebot3_fake_node/CMakeCache.txt is different than the directory /home/rodrigo/turtlebot3_ws/build/turtlebot3_fake_node where CMakeCache.txt was created. This may result in binaries being created in the wrong place. If you are not sure, reedit the CMakeCache.txt[0m
[0.268s] [100%] Built target turtlebot3_fake_node
[0.279s] Invoked command in '/home/rodrigo/Downloads/ROS2Gazebo/build/turtlebot3_fake_node' returned '0': AMENT_PREFIX_PATH=/home/rodrigo/turtlebot3_ws/install/turtlebot3_msgs:${AMENT_PREFIX_PATH} CMAKE_PREFIX_PATH=/home/rodrigo/Downloads/ROS2Gazebo/install/turtlebot3_msgs:/opt/ros/humble LD_LIBRARY_PATH=/home/rodrigo/turtlebot3_ws/install/turtlebot3_msgs/lib:/home/rodrigo/Downloads/ROS2Gazebo/install/turtlebot3_msgs/lib:${LD_LIBRARY_PATH} PYTHONPATH=/home/rodrigo/turtlebot3_ws/install/turtlebot3_msgs/local/lib/python3.10/dist-packages:${PYTHONPATH} /usr/bin/cmake --build /home/rodrigo/Downloads/ROS2Gazebo/build/turtlebot3_fake_node -- -j12 -l12
[0.280s] Invoking command in '/home/rodrigo/Downloads/ROS2Gazebo/build/turtlebot3_fake_node': AMENT_PREFIX_PATH=/home/rodrigo/turtlebot3_ws/install/turtlebot3_msgs:${AMENT_PREFIX_PATH} CMAKE_PREFIX_PATH=/home/rodrigo/Downloads/ROS2Gazebo/install/turtlebot3_msgs:/opt/ros/humble LD_LIBRARY_PATH=/home/rodrigo/turtlebot3_ws/install/turtlebot3_msgs/lib:/home/rodrigo/Downloads/ROS2Gazebo/install/turtlebot3_msgs/lib:${LD_LIBRARY_PATH} PYTHONPATH=/home/rodrigo/turtlebot3_ws/install/turtlebot3_msgs/local/lib/python3.10/dist-packages:${PYTHONPATH} /usr/bin/cmake --install /home/rodrigo/Downloads/ROS2Gazebo/build/turtlebot3_fake_node
[0.288s] -- Install configuration: ""
[0.289s] -- Up-to-date: /home/rodrigo/turtlebot3_ws/install/turtlebot3_fake_node/lib/turtlebot3_fake_node/turtlebot3_fake_node
[0.289s] -- Up-to-date: /home/rodrigo/turtlebot3_ws/install/turtlebot3_fake_node/share/turtlebot3_fake_node/launch
[0.290s] -- Up-to-date: /home/rodrigo/turtlebot3_ws/install/turtlebot3_fake_node/share/turtlebot3_fake_node/launch/turtlebot3_fake_node.launch.py
[0.290s] -- Up-to-date: /home/rodrigo/turtlebot3_ws/install/turtlebot3_fake_node/share/turtlebot3_fake_node/launch/rviz2.launch.py
[0.290s] -- Up-to-date: /home/rodrigo/turtlebot3_ws/install/turtlebot3_fake_node/share/turtlebot3_fake_node/param
[0.290s] -- Up-to-date: /home/rodrigo/turtlebot3_ws/install/turtlebot3_fake_node/share/turtlebot3_fake_node/param/waffle.yaml
[0.290s] -- Up-to-date: /home/rodrigo/turtlebot3_ws/install/turtlebot3_fake_node/share/turtlebot3_fake_node/param/waffle_pi.yaml
[0.290s] -- Up-to-date: /home/rodrigo/turtlebot3_ws/install/turtlebot3_fake_node/share/turtlebot3_fake_node/param/burger.yaml
[0.290s] -- Up-to-date: /home/rodrigo/turtlebot3_ws/install/turtlebot3_fake_node/include/
[0.290s] -- Up-to-date: /home/rodrigo/turtlebot3_ws/install/turtlebot3_fake_node/include//turtlebot3_fake_node
[0.290s] -- Up-to-date: /home/rodrigo/turtlebot3_ws/install/turtlebot3_fake_node/include//turtlebot3_fake_node/turtlebot3_fake_node.hpp
[0.291s] -- Up-to-date: /home/rodrigo/turtlebot3_ws/install/turtlebot3_fake_node/share/ament_index/resource_index/package_run_dependencies/turtlebot3_fake_node
[0.294s] -- Up-to-date: /home/rodrigo/turtlebot3_ws/install/turtlebot3_fake_node/share/ament_index/resource_index/parent_prefix_path/turtlebot3_fake_node
[0.294s] -- Up-to-date: /home/rodrigo/turtlebot3_ws/install/turtlebot3_fake_node/share/turtlebot3_fake_node/environment/ament_prefix_path.sh
[0.294s] -- Up-to-date: /home/rodrigo/turtlebot3_ws/install/turtlebot3_fake_node/share/turtlebot3_fake_node/environment/ament_prefix_path.dsv
[0.294s] -- Up-to-date: /home/rodrigo/turtlebot3_ws/install/turtlebot3_fake_node/share/turtlebot3_fake_node/environment/path.sh
[0.294s] -- Up-to-date: /home/rodrigo/turtlebot3_ws/install/turtlebot3_fake_node/share/turtlebot3_fake_node/environment/path.dsv
[0.294s] -- Up-to-date: /home/rodrigo/turtlebot3_ws/install/turtlebot3_fake_node/share/turtlebot3_fake_node/local_setup.bash
[0.294s] -- Up-to-date: /home/rodrigo/turtlebot3_ws/install/turtlebot3_fake_node/share/turtlebot3_fake_node/local_setup.sh
[0.294s] -- Up-to-date: /home/rodrigo/turtlebot3_ws/install/turtlebot3_fake_node/share/turtlebot3_fake_node/local_setup.zsh
[0.294s] -- Up-to-date: /home/rodrigo/turtlebot3_ws/install/turtlebot3_fake_node/share/turtlebot3_fake_node/local_setup.dsv
[0.294s] -- Installing: /home/rodrigo/turtlebot3_ws/install/turtlebot3_fake_node/share/turtlebot3_fake_node/package.dsv
[0.295s] -- Up-to-date: /home/rodrigo/turtlebot3_ws/install/turtlebot3_fake_node/share/ament_index/resource_index/packages/turtlebot3_fake_node
[0.295s] -- Up-to-date: /home/rodrigo/turtlebot3_ws/install/turtlebot3_fake_node/share/turtlebot3_fake_node/cmake/ament_cmake_export_include_directories-extras.cmake
[0.295s] -- Up-to-date: /home/rodrigo/turtlebot3_ws/install/turtlebot3_fake_node/share/turtlebot3_fake_node/cmake/ament_cmake_export_dependencies-extras.cmake
[0.295s] -- Up-to-date: /home/rodrigo/turtlebot3_ws/install/turtlebot3_fake_node/share/turtlebot3_fake_node/cmake/turtlebot3_fake_nodeConfig.cmake
[0.295s] -- Up-to-date: /home/rodrigo/turtlebot3_ws/install/turtlebot3_fake_node/share/turtlebot3_fake_node/cmake/turtlebot3_fake_nodeConfig-version.cmake
[0.295s] -- Up-to-date: /home/rodrigo/turtlebot3_ws/install/turtlebot3_fake_node/share/turtlebot3_fake_node/package.xml
[0.298s] Invoked command in '/home/rodrigo/Downloads/ROS2Gazebo/build/turtlebot3_fake_node' returned '0': AMENT_PREFIX_PATH=/home/rodrigo/turtlebot3_ws/install/turtlebot3_msgs:${AMENT_PREFIX_PATH} CMAKE_PREFIX_PATH=/home/rodrigo/Downloads/ROS2Gazebo/install/turtlebot3_msgs:/opt/ros/humble LD_LIBRARY_PATH=/home/rodrigo/turtlebot3_ws/install/turtlebot3_msgs/lib:/home/rodrigo/Downloads/ROS2Gazebo/install/turtlebot3_msgs/lib:${LD_LIBRARY_PATH} PYTHONPATH=/home/rodrigo/turtlebot3_ws/install/turtlebot3_msgs/local/lib/python3.10/dist-packages:${PYTHONPATH} /usr/bin/cmake --install /home/rodrigo/Downloads/ROS2Gazebo/build/turtlebot3_fake_node
