[0.022s] Invoking command in '/home/rodrigo/Downloads/ROS2Gazebo/build/turtlebot3_cartographer': CMAKE_PREFIX_PATH=/opt/ros/humble /usr/bin/cmake --build /home/rodrigo/Downloads/ROS2Gazebo/build/turtlebot3_cartographer -- -j12 -l12
[0.466s] [0mCMake Error: The current CMakeCache.txt directory /home/rodrigo/Downloads/ROS2Gazebo/build/turtlebot3_cartographer/CMakeCache.txt is different than the directory /home/rodrigo/turtlebot3_ws/build/turtlebot3_cartographer where CMakeCache.txt was created. This may result in binaries being created in the wrong place. If you are not sure, reedit the CMakeCache.txt[0m
[0.469s] Invoked command in '/home/rodrigo/Downloads/ROS2Gazebo/build/turtlebot3_cartographer' returned '0': CMAKE_PREFIX_PATH=/opt/ros/humble /usr/bin/cmake --build /home/rodrigo/Downloads/ROS2Gazebo/build/turtlebot3_cartographer -- -j12 -l12
[0.475s] Invoking command in '/home/rodrigo/Downloads/ROS2Gazebo/build/turtlebot3_cartographer': CMAKE_PREFIX_PATH=/opt/ros/humble /usr/bin/cmake --install /home/rodrigo/Downloads/ROS2Gazebo/build/turtlebot3_cartographer
[0.481s] -- Install configuration: ""
[0.481s] -- Up-to-date: /home/rodrigo/turtlebot3_ws/install/turtlebot3_cartographer/share/turtlebot3_cartographer/config
[0.481s] -- Up-to-date: /home/rodrigo/turtlebot3_ws/install/turtlebot3_cartographer/share/turtlebot3_cartographer/config/turtlebot3_lds_2d.lua
[0.481s] -- Up-to-date: /home/rodrigo/turtlebot3_ws/install/turtlebot3_cartographer/share/turtlebot3_cartographer/launch
[0.481s] -- Up-to-date: /home/rodrigo/turtlebot3_ws/install/turtlebot3_cartographer/share/turtlebot3_cartographer/launch/cartographer.launch.py
[0.481s] -- Up-to-date: /home/rodrigo/turtlebot3_ws/install/turtlebot3_cartographer/share/turtlebot3_cartographer/launch/occupancy_grid.launch.py
[0.481s] -- Up-to-date: /home/rodrigo/turtlebot3_ws/install/turtlebot3_cartographer/share/turtlebot3_cartographer/rviz
[0.481s] -- Up-to-date: /home/rodrigo/turtlebot3_ws/install/turtlebot3_cartographer/share/turtlebot3_cartographer/rviz/tb3_cartographer.rviz
[0.481s] -- Up-to-date: /home/rodrigo/turtlebot3_ws/install/turtlebot3_cartographer/share/ament_index/resource_index/package_run_dependencies/turtlebot3_cartographer
[0.481s] -- Up-to-date: /home/rodrigo/turtlebot3_ws/install/turtlebot3_cartographer/share/ament_index/resource_index/parent_prefix_path/turtlebot3_cartographer
[0.481s] -- Up-to-date: /home/rodrigo/turtlebot3_ws/install/turtlebot3_cartographer/share/turtlebot3_cartographer/environment/ament_prefix_path.sh
[0.481s] -- Up-to-date: /home/rodrigo/turtlebot3_ws/install/turtlebot3_cartographer/share/turtlebot3_cartographer/environment/ament_prefix_path.dsv
[0.482s] -- Up-to-date: /home/rodrigo/turtlebot3_ws/install/turtlebot3_cartographer/share/turtlebot3_cartographer/environment/path.sh
[0.482s] -- Up-to-date: /home/rodrigo/turtlebot3_ws/install/turtlebot3_cartographer/share/turtlebot3_cartographer/environment/path.dsv
[0.482s] -- Up-to-date: /home/rodrigo/turtlebot3_ws/install/turtlebot3_cartographer/share/turtlebot3_cartographer/local_setup.bash
[0.482s] -- Up-to-date: /home/rodrigo/turtlebot3_ws/install/turtlebot3_cartographer/share/turtlebot3_cartographer/local_setup.sh
[0.482s] -- Up-to-date: /home/rodrigo/turtlebot3_ws/install/turtlebot3_cartographer/share/turtlebot3_cartographer/local_setup.zsh
[0.482s] -- Up-to-date: /home/rodrigo/turtlebot3_ws/install/turtlebot3_cartographer/share/turtlebot3_cartographer/local_setup.dsv
[0.482s] -- Up-to-date: /home/rodrigo/turtlebot3_ws/install/turtlebot3_cartographer/share/turtlebot3_cartographer/package.dsv
[0.482s] -- Up-to-date: /home/rodrigo/turtlebot3_ws/install/turtlebot3_cartographer/share/ament_index/resource_index/packages/turtlebot3_cartographer
[0.482s] -- Up-to-date: /home/rodrigo/turtlebot3_ws/install/turtlebot3_cartographer/share/turtlebot3_cartographer/cmake/turtlebot3_cartographerConfig.cmake
[0.482s] -- Up-to-date: /home/rodrigo/turtlebot3_ws/install/turtlebot3_cartographer/share/turtlebot3_cartographer/cmake/turtlebot3_cartographerConfig-version.cmake
[0.482s] -- Up-to-date: /home/rodrigo/turtlebot3_ws/install/turtlebot3_cartographer/share/turtlebot3_cartographer/package.xml
[0.508s] Invoked command in '/home/rodrigo/Downloads/ROS2Gazebo/build/turtlebot3_cartographer' returned '0': CMAKE_PREFIX_PATH=/opt/ros/humble /usr/bin/cmake --install /home/rodrigo/Downloads/ROS2Gazebo/build/turtlebot3_cartographer
