[0.024s] Invoking command in '/home/rodrigo/Downloads/ROS2Gazebo/build/turtlebot3_navigation2': CMAKE_PREFIX_PATH=/opt/ros/humble /usr/bin/cmake --build /home/rodrigo/Downloads/ROS2Gazebo/build/turtlebot3_navigation2 -- -j12 -l12
[0.258s] [0mCMake Error: The current CMakeCache.txt directory /home/rodrigo/Downloads/ROS2Gazebo/build/turtlebot3_navigation2/CMakeCache.txt is different than the directory /home/rodrigo/turtlebot3_ws/build/turtlebot3_navigation2 where CMakeCache.txt was created. This may result in binaries being created in the wrong place. If you are not sure, reedit the CMakeCache.txt[0m
[0.474s] Invoked command in '/home/rodrigo/Downloads/ROS2Gazebo/build/turtlebot3_navigation2' returned '0': CMAKE_PREFIX_PATH=/opt/ros/humble /usr/bin/cmake --build /home/rodrigo/Downloads/ROS2Gazebo/build/turtlebot3_navigation2 -- -j12 -l12
[0.475s] Invoking command in '/home/rodrigo/Downloads/ROS2Gazebo/build/turtlebot3_navigation2': CMAKE_PREFIX_PATH=/opt/ros/humble /usr/bin/cmake --install /home/rodrigo/Downloads/ROS2Gazebo/build/turtlebot3_navigation2
[0.487s] -- Install configuration: ""
[0.487s] -- Up-to-date: /home/rodrigo/turtlebot3_ws/install/turtlebot3_navigation2/share/turtlebot3_navigation2/launch
[0.487s] -- Up-to-date: /home/rodrigo/turtlebot3_ws/install/turtlebot3_navigation2/share/turtlebot3_navigation2/launch/navigation2.launch.py
[0.487s] -- Up-to-date: /home/rodrigo/turtlebot3_ws/install/turtlebot3_navigation2/share/turtlebot3_navigation2/map
[0.487s] -- Up-to-date: /home/rodrigo/turtlebot3_ws/install/turtlebot3_navigation2/share/turtlebot3_navigation2/map/map.yaml
[0.487s] -- Up-to-date: /home/rodrigo/turtlebot3_ws/install/turtlebot3_navigation2/share/turtlebot3_navigation2/map/map.pgm
[0.487s] -- Up-to-date: /home/rodrigo/turtlebot3_ws/install/turtlebot3_navigation2/share/turtlebot3_navigation2/param
[0.487s] -- Up-to-date: /home/rodrigo/turtlebot3_ws/install/turtlebot3_navigation2/share/turtlebot3_navigation2/param/waffle.yaml
[0.487s] -- Up-to-date: /home/rodrigo/turtlebot3_ws/install/turtlebot3_navigation2/share/turtlebot3_navigation2/param/waffle_pi.yaml
[0.487s] -- Up-to-date: /home/rodrigo/turtlebot3_ws/install/turtlebot3_navigation2/share/turtlebot3_navigation2/param/burger.yaml
[0.487s] -- Up-to-date: /home/rodrigo/turtlebot3_ws/install/turtlebot3_navigation2/share/turtlebot3_navigation2/rviz
[0.488s] -- Up-to-date: /home/rodrigo/turtlebot3_ws/install/turtlebot3_navigation2/share/turtlebot3_navigation2/rviz/tb3_navigation2.rviz
[0.488s] -- Up-to-date: /home/rodrigo/turtlebot3_ws/install/turtlebot3_navigation2/share/ament_index/resource_index/package_run_dependencies/turtlebot3_navigation2
[0.488s] -- Up-to-date: /home/rodrigo/turtlebot3_ws/install/turtlebot3_navigation2/share/ament_index/resource_index/parent_prefix_path/turtlebot3_navigation2
[0.488s] -- Up-to-date: /home/rodrigo/turtlebot3_ws/install/turtlebot3_navigation2/share/turtlebot3_navigation2/environment/ament_prefix_path.sh
[0.488s] -- Up-to-date: /home/rodrigo/turtlebot3_ws/install/turtlebot3_navigation2/share/turtlebot3_navigation2/environment/ament_prefix_path.dsv
[0.488s] -- Up-to-date: /home/rodrigo/turtlebot3_ws/install/turtlebot3_navigation2/share/turtlebot3_navigation2/environment/path.sh
[0.488s] -- Up-to-date: /home/rodrigo/turtlebot3_ws/install/turtlebot3_navigation2/share/turtlebot3_navigation2/environment/path.dsv
[0.488s] -- Up-to-date: /home/rodrigo/turtlebot3_ws/install/turtlebot3_navigation2/share/turtlebot3_navigation2/local_setup.bash
[0.488s] -- Up-to-date: /home/rodrigo/turtlebot3_ws/install/turtlebot3_navigation2/share/turtlebot3_navigation2/local_setup.sh
[0.488s] -- Up-to-date: /home/rodrigo/turtlebot3_ws/install/turtlebot3_navigation2/share/turtlebot3_navigation2/local_setup.zsh
[0.488s] -- Up-to-date: /home/rodrigo/turtlebot3_ws/install/turtlebot3_navigation2/share/turtlebot3_navigation2/local_setup.dsv
[0.489s] -- Installing: /home/rodrigo/turtlebot3_ws/install/turtlebot3_navigation2/share/turtlebot3_navigation2/package.dsv
[0.489s] -- Up-to-date: /home/rodrigo/turtlebot3_ws/install/turtlebot3_navigation2/share/ament_index/resource_index/packages/turtlebot3_navigation2
[0.493s] -- Up-to-date: /home/rodrigo/turtlebot3_ws/install/turtlebot3_navigation2/share/turtlebot3_navigation2/cmake/turtlebot3_navigation2Config.cmake
[0.493s] -- Up-to-date: /home/rodrigo/turtlebot3_ws/install/turtlebot3_navigation2/share/turtlebot3_navigation2/cmake/turtlebot3_navigation2Config-version.cmake
[0.493s] -- Up-to-date: /home/rodrigo/turtlebot3_ws/install/turtlebot3_navigation2/share/turtlebot3_navigation2/package.xml
[0.524s] Invoked command in '/home/rodrigo/Downloads/ROS2Gazebo/build/turtlebot3_navigation2' returned '0': CMAKE_PREFIX_PATH=/opt/ros/humble /usr/bin/cmake --install /home/rodrigo/Downloads/ROS2Gazebo/build/turtlebot3_navigation2
