[0.790s] Invoking command in '/home/rodrigo/Downloads/ROS2Gazebo/src/turtlebot3_control_ros2': PYTHONPATH=/home/rodrigo/Downloads/ROS2Gazebo/build/turtlebot3_control_ros2/prefix_override:/usr/lib/python3/dist-packages/colcon_core/task/python/colcon_distutils_commands:/home/rodrigo/Downloads/ROS2Gazebo/install/turtlebot3_control_ros2/lib/python3.10/site-packages:${PYTHONPATH} /usr/bin/python3 -W ignore:setup.py install is deprecated -W ignore:easy_install command is deprecated setup.py egg_info --egg-base ../../build/turtlebot3_control_ros2 build --build-base /home/rodrigo/Downloads/ROS2Gazebo/build/turtlebot3_control_ros2/build install --record /home/rodrigo/Downloads/ROS2Gazebo/build/turtlebot3_control_ros2/install.log --single-version-externally-managed install_data
[0.995s] running egg_info
[0.996s] writing ../../build/turtlebot3_control_ros2/turtlebot3_control_ros2.egg-info/PKG-INFO
[0.996s] writing dependency_links to ../../build/turtlebot3_control_ros2/turtlebot3_control_ros2.egg-info/dependency_links.txt
[0.996s] writing entry points to ../../build/turtlebot3_control_ros2/turtlebot3_control_ros2.egg-info/entry_points.txt
[0.996s] writing requirements to ../../build/turtlebot3_control_ros2/turtlebot3_control_ros2.egg-info/requires.txt
[0.996s] writing top-level names to ../../build/turtlebot3_control_ros2/turtlebot3_control_ros2.egg-info/top_level.txt
[0.998s] reading manifest file '../../build/turtlebot3_control_ros2/turtlebot3_control_ros2.egg-info/SOURCES.txt'
[0.999s] adding license file 'LICENSE'
[0.999s] writing manifest file '../../build/turtlebot3_control_ros2/turtlebot3_control_ros2.egg-info/SOURCES.txt'
[0.999s] running build
[0.999s] running build_py
[0.999s] running install
[1.000s] running install_lib
[1.001s] running install_data
[1.001s] running install_egg_info
[1.002s] removing '/home/rodrigo/Downloads/ROS2Gazebo/install/turtlebot3_control_ros2/lib/python3.10/site-packages/turtlebot3_control_ros2-0.0.0-py3.10.egg-info' (and everything under it)
[1.002s] Copying ../../build/turtlebot3_control_ros2/turtlebot3_control_ros2.egg-info to /home/rodrigo/Downloads/ROS2Gazebo/install/turtlebot3_control_ros2/lib/python3.10/site-packages/turtlebot3_control_ros2-0.0.0-py3.10.egg-info
[1.003s] running install_scripts
[1.020s] Installing navigator_node script to /home/rodrigo/Downloads/ROS2Gazebo/install/turtlebot3_control_ros2/lib/turtlebot3_control_ros2
[1.020s] Installing turtlebot_ctrl script to /home/rodrigo/Downloads/ROS2Gazebo/install/turtlebot3_control_ros2/lib/turtlebot3_control_ros2
[1.020s] writing list of installed files to '/home/rodrigo/Downloads/ROS2Gazebo/build/turtlebot3_control_ros2/install.log'
[1.043s] Invoked command in '/home/rodrigo/Downloads/ROS2Gazebo/src/turtlebot3_control_ros2' returned '0': PYTHONPATH=/home/rodrigo/Downloads/ROS2Gazebo/build/turtlebot3_control_ros2/prefix_override:/usr/lib/python3/dist-packages/colcon_core/task/python/colcon_distutils_commands:/home/rodrigo/Downloads/ROS2Gazebo/install/turtlebot3_control_ros2/lib/python3.10/site-packages:${PYTHONPATH} /usr/bin/python3 -W ignore:setup.py install is deprecated -W ignore:easy_install command is deprecated setup.py egg_info --egg-base ../../build/turtlebot3_control_ros2 build --build-base /home/rodrigo/Downloads/ROS2Gazebo/build/turtlebot3_control_ros2/build install --record /home/rodrigo/Downloads/ROS2Gazebo/build/turtlebot3_control_ros2/install.log --single-version-externally-managed install_data
