[0.027s] Invoking command in '/home/rodrigo/Downloads/ROS2Gazebo/build/turtlebot3_description': CMAKE_PREFIX_PATH=/opt/ros/humble /usr/bin/cmake --build /home/rodrigo/Downloads/ROS2Gazebo/build/turtlebot3_description -- -j12 -l12
[0.264s] [0mCMake Error: The current CMakeCache.txt directory /home/rodrigo/Downloads/ROS2Gazebo/build/turtlebot3_description/CMakeCache.txt is different than the directory /home/rodrigo/turtlebot3_ws/build/turtlebot3_description where CMakeCache.txt was created. This may result in binaries being created in the wrong place. If you are not sure, reedit the CMakeCache.txt[0m
[0.473s] Invoked command in '/home/rodrigo/Downloads/ROS2Gazebo/build/turtlebot3_description' returned '0': CMAKE_PREFIX_PATH=/opt/ros/humble /usr/bin/cmake --build /home/rodrigo/Downloads/ROS2Gazebo/build/turtlebot3_description -- -j12 -l12
[0.479s] Invoking command in '/home/rodrigo/Downloads/ROS2Gazebo/build/turtlebot3_description': CMAKE_PREFIX_PATH=/opt/ros/humble /usr/bin/cmake --install /home/rodrigo/Downloads/ROS2Gazebo/build/turtlebot3_description
[0.485s] -- Install configuration: ""
[0.486s] -- Up-to-date: /home/rodrigo/turtlebot3_ws/install/turtlebot3_description/share/turtlebot3_description/meshes
[0.486s] -- Up-to-date: /home/rodrigo/turtlebot3_ws/install/turtlebot3_description/share/turtlebot3_description/meshes/sensors
[0.486s] -- Up-to-date: /home/rodrigo/turtlebot3_ws/install/turtlebot3_description/share/turtlebot3_description/meshes/sensors/lds.stl
[0.486s] -- Up-to-date: /home/rodrigo/turtlebot3_ws/install/turtlebot3_description/share/turtlebot3_description/meshes/sensors/r200.jpg
[0.486s] -- Up-to-date: /home/rodrigo/turtlebot3_ws/install/turtlebot3_description/share/turtlebot3_description/meshes/sensors/r200.dae
[0.486s] -- Up-to-date: /home/rodrigo/turtlebot3_ws/install/turtlebot3_description/share/turtlebot3_description/meshes/sensors/astra.jpg
[0.486s] -- Up-to-date: /home/rodrigo/turtlebot3_ws/install/turtlebot3_description/share/turtlebot3_description/meshes/sensors/astra.dae
[0.487s] -- Up-to-date: /home/rodrigo/turtlebot3_ws/install/turtlebot3_description/share/turtlebot3_description/meshes/wheels
[0.487s] -- Up-to-date: /home/rodrigo/turtlebot3_ws/install/turtlebot3_description/share/turtlebot3_description/meshes/wheels/right_tire.stl
[0.487s] -- Up-to-date: /home/rodrigo/turtlebot3_ws/install/turtlebot3_description/share/turtlebot3_description/meshes/wheels/left_tire.stl
[0.487s] -- Up-to-date: /home/rodrigo/turtlebot3_ws/install/turtlebot3_description/share/turtlebot3_description/meshes/bases
[0.487s] -- Up-to-date: /home/rodrigo/turtlebot3_ws/install/turtlebot3_description/share/turtlebot3_description/meshes/bases/burger_base.stl
[0.487s] -- Up-to-date: /home/rodrigo/turtlebot3_ws/install/turtlebot3_description/share/turtlebot3_description/meshes/bases/waffle_pi_base.stl
[0.487s] -- Up-to-date: /home/rodrigo/turtlebot3_ws/install/turtlebot3_description/share/turtlebot3_description/meshes/bases/waffle_base.stl
[0.487s] -- Up-to-date: /home/rodrigo/turtlebot3_ws/install/turtlebot3_description/share/turtlebot3_description/rviz
[0.487s] -- Up-to-date: /home/rodrigo/turtlebot3_ws/install/turtlebot3_description/share/turtlebot3_description/rviz/model.rviz
[0.487s] -- Up-to-date: /home/rodrigo/turtlebot3_ws/install/turtlebot3_description/share/turtlebot3_description/urdf
[0.488s] -- Up-to-date: /home/rodrigo/turtlebot3_ws/install/turtlebot3_description/share/turtlebot3_description/urdf/turtlebot3_waffle_pi.urdf
[0.488s] -- Up-to-date: /home/rodrigo/turtlebot3_ws/install/turtlebot3_description/share/turtlebot3_description/urdf/turtlebot3_waffle.urdf
[0.488s] -- Up-to-date: /home/rodrigo/turtlebot3_ws/install/turtlebot3_description/share/turtlebot3_description/urdf/common_properties.urdf
[0.488s] -- Up-to-date: /home/rodrigo/turtlebot3_ws/install/turtlebot3_description/share/turtlebot3_description/urdf/turtlebot3_burger.urdf
[0.489s] -- Up-to-date: /home/rodrigo/turtlebot3_ws/install/turtlebot3_description/share/ament_index/resource_index/package_run_dependencies/turtlebot3_description
[0.489s] -- Up-to-date: /home/rodrigo/turtlebot3_ws/install/turtlebot3_description/share/ament_index/resource_index/parent_prefix_path/turtlebot3_description
[0.489s] -- Up-to-date: /home/rodrigo/turtlebot3_ws/install/turtlebot3_description/share/turtlebot3_description/environment/ament_prefix_path.sh
[0.489s] -- Up-to-date: /home/rodrigo/turtlebot3_ws/install/turtlebot3_description/share/turtlebot3_description/environment/ament_prefix_path.dsv
[0.489s] -- Up-to-date: /home/rodrigo/turtlebot3_ws/install/turtlebot3_description/share/turtlebot3_description/environment/path.sh
[0.489s] -- Up-to-date: /home/rodrigo/turtlebot3_ws/install/turtlebot3_description/share/turtlebot3_description/environment/path.dsv
[0.489s] -- Up-to-date: /home/rodrigo/turtlebot3_ws/install/turtlebot3_description/share/turtlebot3_description/local_setup.bash
[0.489s] -- Up-to-date: /home/rodrigo/turtlebot3_ws/install/turtlebot3_description/share/turtlebot3_description/local_setup.sh
[0.489s] -- Up-to-date: /home/rodrigo/turtlebot3_ws/install/turtlebot3_description/share/turtlebot3_description/local_setup.zsh
[0.489s] -- Up-to-date: /home/rodrigo/turtlebot3_ws/install/turtlebot3_description/share/turtlebot3_description/local_setup.dsv
[0.490s] -- Installing: /home/rodrigo/turtlebot3_ws/install/turtlebot3_description/share/turtlebot3_description/package.dsv
[0.490s] -- Up-to-date: /home/rodrigo/turtlebot3_ws/install/turtlebot3_description/share/ament_index/resource_index/packages/turtlebot3_description
[0.491s] -- Up-to-date: /home/rodrigo/turtlebot3_ws/install/turtlebot3_description/share/turtlebot3_description/cmake/turtlebot3_descriptionConfig.cmake
[0.491s] -- Up-to-date: /home/rodrigo/turtlebot3_ws/install/turtlebot3_description/share/turtlebot3_description/cmake/turtlebot3_descriptionConfig-version.cmake
[0.491s] -- Up-to-date: /home/rodrigo/turtlebot3_ws/install/turtlebot3_description/share/turtlebot3_description/package.xml
[0.541s] Invoked command in '/home/rodrigo/Downloads/ROS2Gazebo/build/turtlebot3_description' returned '0': CMAKE_PREFIX_PATH=/opt/ros/humble /usr/bin/cmake --install /home/rodrigo/Downloads/ROS2Gazebo/build/turtlebot3_description
